[2024-11-14 22:47:28,919: INFO: main_file: >>>>>>>>>>>>>>>>  Split and Move Pipline has Started  >>>>>>>>>>>>>]
[2024-11-14 22:47:28,933: INFO: comon_funtn: created directory at: artifacts]
[2024-11-14 22:47:28,933: INFO: comon_funtn: created directory at: artifacts/datasets]
[2024-11-14 22:49:03,228: INFO: main_file: >>>>>>>>>>>>>>>>  Stage Data Ingestion Process Started...]
[2024-11-14 22:49:03,240: INFO: comon_funtn: created directory at: artifacts]
[2024-11-14 22:49:03,244: INFO: comon_funtn: created directory at: artifacts/raw_data]
[2024-11-14 22:49:03,244: INFO: download_data: File moved from C:\Users\Admin\.cache\kagglehub\datasets\karakaggle\kaggle-cat-vs-dog-dataset\versions\1 to artifacts\raw_data]
[2024-11-14 22:49:03,255: INFO: main_file: >>>>>>>>>>>>>>>Data Ingestion Proess Completed........]
[2024-11-14 22:49:03,256: INFO: main_file: <<<<<<<<<<<<<<<<<<<<]
[2024-11-14 22:49:03,256: INFO: main_file: >>>>>>>>>>>>>>>>  Split and Move Pipline has Started  >>>>>>>>>>>>>]
[2024-11-14 22:49:03,261: INFO: comon_funtn: created directory at: artifacts]
[2024-11-14 22:49:03,261: INFO: comon_funtn: created directory at: artifacts/datasets]
[2024-11-14 23:00:04,288: INFO: main_file: >>>>>>>>>>>>>>>>  Stage Data Ingestion Process Started...]
[2024-11-14 23:00:04,303: INFO: comon_funtn: created directory at: artifacts]
[2024-11-14 23:00:04,303: INFO: comon_funtn: created directory at: artifacts/raw_data]
[2024-11-14 23:00:04,314: INFO: download_data: File moved from C:\Users\Public\Deep Learning\datasets\PetImages to artifacts\raw_data]
[2024-11-14 23:00:04,314: INFO: main_file: >>>>>>>>>>>>>>>Data Ingestion Proess Completed........]
[2024-11-14 23:00:04,314: INFO: main_file: <<<<<<<<<<<<<<<<<<<<]
[2024-11-14 23:00:04,314: INFO: main_file: >>>>>>>>>>>>>>>>  Split and Move Pipline has Started  >>>>>>>>>>>>>]
[2024-11-14 23:00:04,314: INFO: comon_funtn: created directory at: artifacts]
[2024-11-14 23:00:04,319: INFO: comon_funtn: created directory at: artifacts/datasets]
[2024-11-14 23:11:27,959: INFO: main_file: >>>>>>>>>>>>>>>>  Stage Data Ingestion Process Started...]
[2024-11-14 23:11:27,962: INFO: comon_funtn: created directory at: artifacts]
[2024-11-14 23:11:27,962: INFO: comon_funtn: created directory at: artifacts/raw_data]
[2024-11-14 23:11:27,991: INFO: download_data: File moved from C:\Users\Public\Deep Learning\datasets\PetImages to artifacts\raw_data]
[2024-11-14 23:11:27,992: INFO: main_file: >>>>>>>>>>>>>>>Data Ingestion Proess Completed........]
[2024-11-14 23:11:27,992: INFO: main_file: <<<<<<<<<<<<<<<<<<<<]
[2024-11-14 23:11:27,992: INFO: main_file: >>>>>>>>>>>>>>>>  Split and Move Pipline has Started  >>>>>>>>>>>>>]
[2024-11-14 23:11:27,994: INFO: comon_funtn: created directory at: artifacts]
[2024-11-14 23:11:27,996: INFO: comon_funtn: created directory at: artifacts/datasets]
[2024-11-14 23:20:38,007: INFO: main_file: >>>>>>>>>>>>>>>>  Stage Data Ingestion Process Started...]
[2024-11-14 23:20:38,009: INFO: comon_funtn: created directory at: artifacts]
[2024-11-14 23:20:38,009: INFO: comon_funtn: created directory at: artifacts/raw_data]
[2024-11-14 23:20:38,009: INFO: download_data: File moved from C:\Users\Public\Deep Learning\datasets\PetImages to artifacts\raw_data]
[2024-11-14 23:20:38,009: INFO: main_file: >>>>>>>>>>>>>>>Data Ingestion Proess Completed........]
[2024-11-14 23:20:38,009: INFO: main_file: <<<<<<<<<<<<<<<<<<<<]
[2024-11-14 23:20:38,009: INFO: main_file: >>>>>>>>>>>>>>>>  Split and Move Pipline has Started  >>>>>>>>>>>>>]
[2024-11-14 23:20:38,012: INFO: comon_funtn: created directory at: artifacts]
[2024-11-14 23:20:38,012: INFO: comon_funtn: created directory at: artifacts/datasets]
[2024-11-14 23:24:36,117: INFO: main_file: >>>>>>>>>>>>>>>>  Stage Data Ingestion Process Started...]
[2024-11-14 23:24:36,119: INFO: comon_funtn: created directory at: artifacts]
[2024-11-14 23:24:36,119: INFO: comon_funtn: created directory at: artifacts/raw_data]
[2024-11-14 23:24:36,119: INFO: download_data: File moved from C:\Users\Public\Deep Learning\datasets\PetImages to artifacts\raw_data]
[2024-11-14 23:24:36,119: INFO: main_file: >>>>>>>>>>>>>>>Data Ingestion Proess Completed........]
[2024-11-14 23:24:36,122: INFO: main_file: <<<<<<<<<<<<<<<<<<<<]
[2024-11-14 23:24:36,122: INFO: main_file: >>>>>>>>>>>>>>>>  Split and Move Pipline has Started  >>>>>>>>>>>>>]
[2024-11-14 23:24:36,122: INFO: comon_funtn: created directory at: artifacts]
[2024-11-14 23:24:36,124: INFO: comon_funtn: created directory at: artifacts/datasets]
[2024-11-14 23:25:07,274: INFO: main_file: >>>>>>>>>>>>>>>>  Stage Data Ingestion Process Started...]
[2024-11-14 23:25:07,277: INFO: comon_funtn: created directory at: artifacts]
[2024-11-14 23:25:07,277: INFO: comon_funtn: created directory at: artifacts/raw_data]
[2024-11-14 23:25:07,277: INFO: download_data: File moved from C:\Users\Public\Deep Learning\datasets\PetImages to artifacts\raw_data]
[2024-11-14 23:25:07,277: INFO: main_file: >>>>>>>>>>>>>>>Data Ingestion Proess Completed........]
[2024-11-14 23:25:07,277: INFO: main_file: <<<<<<<<<<<<<<<<<<<<]
[2024-11-14 23:25:07,279: INFO: main_file: >>>>>>>>>>>>>>>>  Split and Move Pipline has Started  >>>>>>>>>>>>>]
[2024-11-14 23:25:07,282: INFO: comon_funtn: created directory at: artifacts]
[2024-11-14 23:25:07,283: INFO: comon_funtn: created directory at: artifacts/datasets]
[2024-11-14 23:29:47,075: INFO: main_file: >>>>>>>>>>>>>>>>  Stage Data Ingestion Process Started...]
[2024-11-14 23:29:47,078: INFO: comon_funtn: created directory at: artifacts]
[2024-11-14 23:29:47,079: INFO: comon_funtn: created directory at: artifacts/raw_data]
[2024-11-14 23:29:47,079: INFO: download_data: File moved from C:\Users\Public\Deep Learning\datasets\PetImages to artifacts\raw_data]
[2024-11-14 23:29:47,080: INFO: main_file: >>>>>>>>>>>>>>>Data Ingestion Proess Completed........]
[2024-11-14 23:29:47,080: INFO: main_file: <<<<<<<<<<<<<<<<<<<<]
[2024-11-14 23:29:47,080: INFO: main_file: >>>>>>>>>>>>>>>>  Split and Move Pipline has Started  >>>>>>>>>>>>>]
[2024-11-14 23:29:47,082: INFO: comon_funtn: created directory at: artifacts]
[2024-11-14 23:29:47,082: INFO: comon_funtn: created directory at: artifacts/datasets]
[2024-11-14 23:30:58,269: INFO: main_file: >>>>>>>>>>>>>>>>  Stage Data Ingestion Process Started...]
[2024-11-14 23:30:58,272: INFO: comon_funtn: created directory at: artifacts]
[2024-11-14 23:30:58,272: INFO: comon_funtn: created directory at: artifacts/raw_data]
[2024-11-14 23:30:58,273: INFO: download_data: File moved from C:\Users\Public\Deep Learning\datasets\PetImages to artifacts\raw_data]
[2024-11-14 23:30:58,273: INFO: main_file: >>>>>>>>>>>>>>>Data Ingestion Proess Completed........]
[2024-11-14 23:30:58,273: INFO: main_file: <<<<<<<<<<<<<<<<<<<<]
[2024-11-14 23:30:58,274: INFO: main_file: >>>>>>>>>>>>>>>>  Split and Move Pipline has Started  >>>>>>>>>>>>>]
[2024-11-14 23:30:58,277: INFO: comon_funtn: created directory at: artifacts]
[2024-11-14 23:30:58,277: INFO: comon_funtn: created directory at: artifacts/datasets]
[2024-11-14 23:30:58,291: INFO: split_move_data: Dividing data/Images of Cat into train and validation set sucessfully]
[2024-11-14 23:37:10,339: INFO: comon_funtn: created directory at: artifacts]
[2024-11-14 23:37:10,340: INFO: comon_funtn: created directory at: artifacts/datasets]
[2024-11-14 23:39:32,302: INFO: main_file: >>>>>>>>>>>>>>>>  Stage Data Ingestion Process Started...]
[2024-11-14 23:39:32,309: INFO: comon_funtn: created directory at: artifacts]
[2024-11-14 23:39:32,309: INFO: comon_funtn: created directory at: artifacts/raw_data]
[2024-11-14 23:39:32,309: INFO: download_data: File moved from C:\Users\Public\Deep Learning\datasets\PetImages to artifacts\raw_data]
[2024-11-14 23:39:32,310: INFO: main_file: >>>>>>>>>>>>>>>Data Ingestion Proess Completed........]
[2024-11-14 23:39:32,311: INFO: main_file: <<<<<<<<<<<<<<<<<<<<]
[2024-11-14 23:39:32,311: INFO: main_file: >>>>>>>>>>>>>>>>  Split and Move Pipline has Started  >>>>>>>>>>>>>]
[2024-11-14 23:39:32,314: INFO: comon_funtn: created directory at: artifacts]
[2024-11-14 23:39:32,317: INFO: comon_funtn: created directory at: artifacts/datasets]
[2024-11-14 23:39:32,352: INFO: split_move_data: Dividing data/Images of Cat into train and validation set sucessfully]
[2024-11-14 23:46:20,402: INFO: main_file: >>>>>>>>>>>>>>>>  Stage Data Ingestion Process Started...]
[2024-11-14 23:46:20,406: INFO: comon_funtn: created directory at: artifacts]
[2024-11-14 23:46:20,408: INFO: comon_funtn: created directory at: artifacts/raw_data]
[2024-11-14 23:46:20,408: INFO: download_data: File moved from C:\Users\Public\Deep Learning\datasets\PetImages to artifacts\raw_data]
[2024-11-14 23:46:20,410: INFO: main_file: >>>>>>>>>>>>>>>Data Ingestion Proess Completed........]
[2024-11-14 23:46:20,410: INFO: main_file: <<<<<<<<<<<<<<<<<<<<]
[2024-11-14 23:46:20,411: INFO: main_file: >>>>>>>>>>>>>>>>  Split and Move Pipline has Started  >>>>>>>>>>>>>]
[2024-11-14 23:46:20,417: INFO: comon_funtn: created directory at: artifacts]
[2024-11-14 23:46:20,417: INFO: comon_funtn: created directory at: artifacts/datasets]
[2024-11-14 23:46:20,443: INFO: split_move_data: Dividing data/Images of Cat into train and validation set sucessfully]
[2024-11-14 23:47:01,001: INFO: main_file: >>>>>>>>>>>>>>>>  Stage Data Ingestion Process Started...]
[2024-11-14 23:47:01,011: INFO: comon_funtn: created directory at: artifacts]
[2024-11-14 23:47:01,015: INFO: comon_funtn: created directory at: artifacts/raw_data]
[2024-11-14 23:47:01,016: INFO: download_data: File moved from C:\Users\Public\Deep Learning\datasets\PetImages to artifacts\raw_data]
[2024-11-14 23:47:01,017: INFO: main_file: >>>>>>>>>>>>>>>Data Ingestion Proess Completed........]
[2024-11-14 23:47:01,018: INFO: main_file: <<<<<<<<<<<<<<<<<<<<]
[2024-11-14 23:47:01,018: INFO: main_file: >>>>>>>>>>>>>>>>  Split and Move Pipline has Started  >>>>>>>>>>>>>]
[2024-11-14 23:47:01,031: INFO: comon_funtn: created directory at: artifacts]
[2024-11-14 23:47:01,031: INFO: comon_funtn: created directory at: artifacts/datasets]
[2024-11-14 23:47:01,096: INFO: split_move_data: Dividing data/Images of Cat into train and validation set sucessfully]
[2024-11-14 23:47:01,101: INFO: split_move_data: Making folder of  Cat categories for training and validation........]
[2024-11-14 23:50:57,524: INFO: split_move_data: Images are copied from artifacts\raw_data\kagglecatsanddogs_3367a\PetImages\Cat to artifacts\datasets\train successfully ....................... ]
[2024-11-14 23:50:57,526: INFO: split_move_data: Images are copied from artifacts\raw_data\kagglecatsanddogs_3367a\PetImages\Cat to artifacts\datasets\test successfully ....................... ]
[2024-11-14 23:50:57,559: INFO: split_move_data: Dividing data/Images of Dog into train and validation set sucessfully]
[2024-11-14 23:50:57,562: INFO: split_move_data: Making folder of  Dog categories for training and validation........]
[2024-11-14 23:54:43,769: INFO: split_move_data: Images are copied from artifacts\raw_data\kagglecatsanddogs_3367a\PetImages\Dog to artifacts\datasets\train successfully ....................... ]
[2024-11-14 23:54:43,772: INFO: split_move_data: Images are copied from artifacts\raw_data\kagglecatsanddogs_3367a\PetImages\Dog to artifacts\datasets\test successfully ....................... ]
[2024-11-14 23:57:19,538: INFO: main_file: >>>>>>>>>>>>>>>>  Stage Data Ingestion Process Started...]
[2024-11-14 23:57:19,548: INFO: comon_funtn: created directory at: artifacts]
[2024-11-14 23:57:19,548: INFO: comon_funtn: created directory at: artifacts/raw_data]
[2024-11-14 23:57:19,549: INFO: download_data: File moved from C:\Users\Public\Deep Learning\datasets\PetImages to artifacts\raw_data]
[2024-11-14 23:57:19,549: INFO: main_file: >>>>>>>>>>>>>>>Data Ingestion Proess Completed........]
[2024-11-14 23:57:19,549: INFO: main_file: <<<<<<<<<<<<<<<<<<<<]
[2024-11-14 23:57:19,551: INFO: main_file: >>>>>>>>>>>>>>>>  Split and Move Pipline has Started  >>>>>>>>>>>>>]
[2024-11-14 23:57:19,556: INFO: comon_funtn: created directory at: artifacts]
[2024-11-14 23:57:19,556: INFO: comon_funtn: created directory at: artifacts/datasets]
[2024-11-14 23:57:19,579: INFO: split_move_data: The number of images of Dog in the Train directory ===> 9972]
[2024-11-14 23:57:19,602: INFO: split_move_data: The number of images of Cat in the Train directory ===> 9991]
[2024-11-14 23:57:19,604: INFO: split_move_data:      ]
[2024-11-14 23:57:19,610: INFO: split_move_data: The number of images of Dog in the Test directory ===> 2493]
[2024-11-14 23:57:19,616: INFO: split_move_data: The number of images of Cat in the Test directory ===> 2498]
[2024-11-14 23:57:19,617: INFO: main_file:   <<<<<<<<<<<<<<<<<< Split and Move Pipline has Finished  <<<<<<<<<<<<<<<<<<.]
